<?xml version="1.0" encoding="UTF-8"?>
<!-- Generated by org.testng.reporters.JUnitXMLReporter -->
<testsuite ignored="2" hostname="utkarshs-MacBook-Air.local" failures="0" tests="1" name="Default test" time="0.016" errors="0" timestamp="2023-05-10T11:45:49 IST">
  <testcase classname="TestNGinMaven.C2" name="testcase1" time="0.003"/>
  <testcase classname="TestNGinMaven.C2" name="testcase2" time="0.0">
    <ignored/>
  </testcase> <!-- testcase2 -->
  <testcase classname="TestNGinMaven.C2" name="testcase3" time="0.0">
    <ignored/>
  </testcase> <!-- testcase3 -->
</testsuite> <!-- Default test -->
