<?xml version="1.0" encoding="UTF-8"?>
<!-- Generated by org.testng.reporters.JUnitXMLReporter -->
<testsuite ignored="0" hostname="utkarshs-MacBook-Air.local" failures="0" tests="4" name="Test" time="0.028" errors="0" timestamp="2023-05-17T16:50:55 IST">
  <testcase classname="TestNGinMaven.C2" name="testcase1" time="0.006"/>
  <testcase classname="TestNGinMaven.C2" name="testcase2" time="0.0"/>
  <testcase classname="TestNGinMaven.C2" name="testcase3" time="0.0"/>
  <testcase classname="TestNGinMaven.C1" name="testcase" time="0.0"/>
</testsuite> <!-- Test -->
