<?xml version="1.0" encoding="UTF-8"?>
<testng-results ignored="0" total="4" passed="4" failed="0" skipped="0">
  <reporter-output>
  </reporter-output>
  <suite started-at="2023-05-17T16:50:55 IST" name="Suite" finished-at="2023-05-17T16:50:55 IST" duration-ms="28">
    <groups>
    </groups>
    <test started-at="2023-05-17T16:50:55 IST" name="Test" finished-at="2023-05-17T16:50:55 IST" duration-ms="28">
      <class name="TestNGinMaven.C1">
        <test-method signature="testcase()[pri:0, instance:TestNGinMaven.C1@1af2d44a]" started-at="2023-05-17T16:50:55 IST" name="testcase" finished-at="2023-05-17T16:50:55 IST" duration-ms="0" status="PASS">
          <reporter-output>
          </reporter-output>
        </test-method> <!-- testcase -->
      </class> <!-- TestNGinMaven.C1 -->
      <class name="TestNGinMaven.C2">
        <test-method signature="testcase1()[pri:0, instance:TestNGinMaven.C2@32ee6fee]" started-at="2023-05-17T16:50:55 IST" name="testcase1" finished-at="2023-05-17T16:50:55 IST" duration-ms="6" status="PASS">
          <reporter-output>
          </reporter-output>
        </test-method> <!-- testcase1 -->
        <test-method signature="testcase2()[pri:0, instance:TestNGinMaven.C2@32ee6fee]" started-at="2023-05-17T16:50:55 IST" name="testcase2" finished-at="2023-05-17T16:50:55 IST" duration-ms="0" status="PASS">
          <reporter-output>
          </reporter-output>
        </test-method> <!-- testcase2 -->
        <test-method signature="testcase3()[pri:1, instance:TestNGinMaven.C2@32ee6fee]" started-at="2023-05-17T16:50:55 IST" name="testcase3" finished-at="2023-05-17T16:50:55 IST" duration-ms="0" status="PASS">
          <reporter-output>
          </reporter-output>
        </test-method> <!-- testcase3 -->
      </class> <!-- TestNGinMaven.C2 -->
    </test> <!-- Test -->
  </suite> <!-- Suite -->
</testng-results>
